<?xml version="1.0" encoding="UTF-8"?>
<!-- Generated by org.testng.reporters.JUnitReportReporter -->
<testsuite hostname="BGSNIKMS3402" failures="0" tests="5" name="LikeUnlikeAndCommentPostTest" time="21.645" errors="0" timestamp="2024-01-09T00:17:19 EET" skipped="0">
  <testcase classname="LikeUnlikeAndCommentPostTest" name="LikeUnlikeCommentPost" time="4.221"/>
  <system-out/>
  <testcase classname="LikeUnlikeAndCommentPostTest" name="LikeUnlikeCommentPost" time="4.342"/>
  <system-out/>
  <testcase classname="LikeUnlikeAndCommentPostTest" name="LikeUnlikeCommentPost" time="4.246"/>
  <system-out/>
  <testcase classname="LikeUnlikeAndCommentPostTest" name="LikeUnlikeCommentPost" time="4.473"/>
  <system-out/>
  <testcase classname="LikeUnlikeAndCommentPostTest" name="LikeUnlikeCommentPost" time="4.363"/>
  <system-out/>
</testsuite> <!-- LikeUnlikeAndCommentPostTest -->
