<?xml version="1.0" encoding="UTF-8"?>
<!-- Generated by org.testng.reporters.JUnitReportReporter -->
<testsuite hostname="BGSNIKMS3402" failures="0" tests="1" name="EditProfileTest" time="5.147" errors="0" timestamp="2024-01-09T00:17:19 EET" skipped="0">
  <testcase classname="EditProfileTest" name="EditProfile" time="5.147"/>
  <system-out/>
</testsuite> <!-- EditProfileTest -->
